0 info it worked if it ends with ok
1 verbose cli [ 'C:\\Program Files\\nodejs\\node.exe',
1 verbose cli   'C:\\Program Files\\nodejs\\node_modules\\npm\\bin\\npm-cli.js',
1 verbose cli   'install',
1 verbose cli   'fsevents@1.0.9',
1 verbose cli   '-g' ]
2 info using npm@3.6.0
3 info using node@v5.6.0
4 silly loadCurrentTree Starting
5 silly install loadCurrentTree
6 silly install readGlobalPackageData
7 silly fetchPackageMetaData fsevents@1.0.9
8 silly fetchNamedPackageData fsevents
9 silly mapToRegistry name fsevents
10 silly mapToRegistry using default registry
11 silly mapToRegistry registry https://registry.npm.taobao.org/
12 silly mapToRegistry uri https://registry.npm.taobao.org/fsevents
13 verbose request uri https://registry.npm.taobao.org/fsevents
14 verbose request no auth needed
15 info attempt registry request try #1 at 15:14:17
16 verbose request id 64d41895fa8d2284
17 verbose etag "c0ca-sZQZxA4cBPNtXg8/9O0gaw"
18 http request GET https://registry.npm.taobao.org/fsevents
19 http 304 https://registry.npm.taobao.org/fsevents
20 verbose headers { date: 'Sat, 14 May 2016 07:14:17 GMT',
20 verbose headers   connection: 'keep-alive',
20 verbose headers   etag: '"c0ca-sZQZxA4cBPNtXg8/9O0gaw"',
20 verbose headers   'x-readtime': '37' }
21 silly get cb [ 304,
21 silly get   { date: 'Sat, 14 May 2016 07:14:17 GMT',
21 silly get     connection: 'keep-alive',
21 silly get     etag: '"c0ca-sZQZxA4cBPNtXg8/9O0gaw"',
21 silly get     'x-readtime': '37' } ]
22 verbose etag https://registry.npm.taobao.org/fsevents from cache
23 verbose get saving fsevents to C:\Users\Tab\AppData\Roaming\npm-cache\registry.npm.taobao.org\fsevents\.cache.json
24 verbose correctMkdir C:\Users\Tab\AppData\Roaming\npm-cache correctMkdir not in flight; initializing
25 silly install normalizeTree
26 silly loadCurrentTree Finishing
27 silly loadIdealTree Starting
28 silly install loadIdealTree
29 silly cloneCurrentTree Starting
30 silly install cloneCurrentTreeToIdealTree
31 silly cloneCurrentTree Finishing
32 silly loadShrinkwrap Starting
33 silly install loadShrinkwrap
34 silly loadShrinkwrap Finishing
35 silly loadAllDepsIntoIdealTree Starting
36 silly install loadAllDepsIntoIdealTree
37 silly rollbackFailedOptional Starting
38 silly rollbackFailedOptional Finishing
39 silly runTopLevelLifecycles Starting
40 silly runTopLevelLifecycles Finishing
41 silly install printInstalled
42 verbose stack Error: Unsupported platform for fsevents@1.0.9: wanted {"name":"fsevents","version":"1.0.9","description":"Native Access to Mac OS-X FSEvents","main":"fsevents.js","dependencies":{"nan":"^2.1.0","node-pre-gyp":"^0.6.24"},"os":["darwin"],"engines":{"node":">=0.8.0"},"scripts":{"install":"node-pre-gyp install --fallback-to-build","prepublish":"if [ $(npm -v | head -c 1) -lt 3 ]; then exit 1; fi && npm dedupe","test":"tap ./test"},"binary":{"module_name":"fse","module_path":"./lib/binding/{configuration}/{node_abi}-{platform}-{arch}/","remote_path":"./v{version}/","package_name":"{module_name}-v{version}-{node_abi}-{platform}-{arch}.tar.gz","host":"https://fsevents-binaries.s3-us-west-2.amazonaws.com"},"repository":{"type":"git","url":"git+https://github.com/strongloop/fsevents.git"},"keywords":["fsevents","mac"],"author":{"name":"Philipp Dunkel","email":"pip@pipobscure.com"},"license":"MIT","bugs":{"url":"https://github.com/strongloop/fsevents/issues"},"homepage":"https://github.com/strongloop/fsevents","devDependencies":{"tap":"~0.4.8"},"gitHead":"0954e5613fe21f8e0cfd6f938f7f81124ce19055","bundleDependencies":["node-pre-gyp"],"_id":"fsevents@1.0.9","_npmVersion":"3.6.0","_nodeVersion":"5.6.0","_npmUser":{"name":"es128","email":"elan.shanker+npm@gmail.com"},"dist":{"shasum":"02492faccd77061790748103ea5e4e419bbb79fa","size":1222589,"noattachment":false,"tarball":"http://registry.npm.taobao.org/fsevents/download/fsevents-1.0.9.tgz"},"maintainers":[{"name":"bajtos","email":"miro.bajtos@gmail.com"},{"name":"bnoordhuis","email":"info@bnoordhuis.nl"},{"name":"es128","email":"elan.shanker+npm@gmail.com"},{"name":"pipobscure","email":"pip@pipobscure.com"},{"name":"strongloop","email":"callback@strongloop.com"}],"_npmOperationalInternal":{"host":"packages-13-west.internal.npmjs.com","tmp":"tmp/fsevents-1.0.9.tgz_1458765044989_0.04664572770707309"},"directories":{},"publish_time":1458765048264,"_cnpm_publish_time":1458765048264,"_requested":{"raw":"fsevents@1.0.9","scope":null,"name":"fsevents","rawSpec":"1.0.9","spec":"1.0.9","type":"version"},"_spec":"fsevents@1.0.9","_where":"","_args":[["fsevents@1.0.9",""]],"readme":"ERROR: No README data found!"} (current: {"os":"win32","cpu":"x64"})
42 verbose stack     at checkPlatform (C:\Program Files\nodejs\node_modules\npm\node_modules\npm-install-checks\index.js:45:14)
42 verbose stack     at thenWarnEngineIssues (C:\Program Files\nodejs\node_modules\npm\lib\install\validate-args.js:41:5)
42 verbose stack     at C:\Program Files\nodejs\node_modules\npm\node_modules\iferr\index.js:13:50
42 verbose stack     at checkEngine (C:\Program Files\nodejs\node_modules\npm\node_modules\npm-install-checks\index.js:24:10)
42 verbose stack     at module.exports.isInstallable (C:\Program Files\nodejs\node_modules\npm\lib\install\validate-args.js:38:3)
42 verbose stack     at Array.<anonymous> (C:\Program Files\nodejs\node_modules\npm\node_modules\slide\lib\bind-actor.js:15:8)
42 verbose stack     at LOOP (C:\Program Files\nodejs\node_modules\npm\node_modules\slide\lib\chain.js:15:14)
42 verbose stack     at C:\Program Files\nodejs\node_modules\npm\node_modules\slide\lib\chain.js:18:7
42 verbose stack     at checkSelf (C:\Program Files\nodejs\node_modules\npm\lib\install\validate-args.js:46:72)
42 verbose stack     at Array.<anonymous> (C:\Program Files\nodejs\node_modules\npm\node_modules\slide\lib\bind-actor.js:15:8)
43 verbose pkgid fsevents@1.0.9
44 verbose cwd E:\weather.app
45 error Windows_NT 6.1.7601
46 error argv "C:\\Program Files\\nodejs\\node.exe" "C:\\Program Files\\nodejs\\node_modules\\npm\\bin\\npm-cli.js" "install" "fsevents@1.0.9" "-g"
47 error node v5.6.0
48 error npm  v3.6.0
49 error code EBADPLATFORM
50 error notsup Not compatible with your operating system or architecture: fsevents@1.0.9
51 error notsup Valid OS:    darwin
51 error notsup Valid Arch:  any
51 error notsup Actual OS:   win32
51 error notsup Actual Arch: x64
52 verbose exit [ 1, true ]
